<?xml version="1.0" encoding="UTF-8"?>
<testsuite xmlns:xsi="http://www.w3.org/2001/XMLSchema-instance" xsi:noNamespaceSchemaLocation="https://maven.apache.org/surefire/maven-surefire-plugin/xsd/surefire-test-report.xsd" name="TestTrendAssessment" time="0.327" tests="2" errors="0" skipped="0" failures="0">
  <properties>
    <property name="java.specification.version" value="21"/>
    <property name="sun.jnu.encoding" value="UTF-8"/>
    <property name="java.class.path" value="/Users/reverse/IdeaProjects/Task_NLMK/target/test-classes:/Users/reverse/IdeaProjects/Task_NLMK/target/classes:/Users/reverse/.m2/repository/com/fasterxml/jackson/dataformat/jackson-dataformat-csv/2.17.2/jackson-dataformat-csv-2.17.2.jar:/Users/reverse/.m2/repository/com/fasterxml/jackson/core/jackson-databind/2.17.2/jackson-databind-2.17.2.jar:/Users/reverse/.m2/repository/com/fasterxml/jackson/core/jackson-annotations/2.17.2/jackson-annotations-2.17.2.jar:/Users/reverse/.m2/repository/com/fasterxml/jackson/core/jackson-core/2.17.2/jackson-core-2.17.2.jar:/Users/reverse/.m2/repository/org/apache/maven/plugins/maven-assembly-plugin/3.6.0/maven-assembly-plugin-3.6.0.jar:/Users/reverse/.m2/repository/org/apache/maven/shared/maven-common-artifact-filters/3.3.2/maven-common-artifact-filters-3.3.2.jar:/Users/reverse/.m2/repository/org/codehaus/plexus/plexus-interpolation/1.26/plexus-interpolation-1.26.jar:/Users/reverse/.m2/repository/commons-io/commons-io/2.11.0/commons-io-2.11.0.jar:/Users/reverse/.m2/repository/org/apache/maven/shared/maven-filtering/3.3.1/maven-filtering-3.3.1.jar:/Users/reverse/.m2/repository/javax/inject/javax.inject/1/javax.inject-1.jar:/Users/reverse/.m2/repository/org/sonatype/plexus/plexus-build-api/0.0.7/plexus-build-api-0.0.7.jar:/Users/reverse/.m2/repository/org/codehaus/plexus/plexus-io/3.4.1/plexus-io-3.4.1.jar:/Users/reverse/.m2/repository/org/codehaus/plexus/plexus-archiver/4.7.1/plexus-archiver-4.7.1.jar:/Users/reverse/.m2/repository/org/apache/commons/commons-compress/1.23.0/commons-compress-1.23.0.jar:/Users/reverse/.m2/repository/org/iq80/snappy/snappy/0.4/snappy-0.4.jar:/Users/reverse/.m2/repository/org/tukaani/xz/1.9/xz-1.9.jar:/Users/reverse/.m2/repository/com/github/luben/zstd-jni/1.5.5-2/zstd-jni-1.5.5-2.jar:/Users/reverse/.m2/repository/org/apache/maven/maven-archiver/3.6.0/maven-archiver-3.6.0.jar:/Users/reverse/.m2/repository/org/codehaus/plexus/plexus-utils/3.5.1/plexus-utils-3.5.1.jar:/Users/reverse/.m2/repository/com/opencsv/opencsv/5.9/opencsv-5.9.jar:/Users/reverse/.m2/repository/org/apache/commons/commons-lang3/3.13.0/commons-lang3-3.13.0.jar:/Users/reverse/.m2/repository/org/apache/commons/commons-text/1.11.0/commons-text-1.11.0.jar:/Users/reverse/.m2/repository/commons-beanutils/commons-beanutils/1.9.4/commons-beanutils-1.9.4.jar:/Users/reverse/.m2/repository/commons-logging/commons-logging/1.2/commons-logging-1.2.jar:/Users/reverse/.m2/repository/commons-collections/commons-collections/3.2.2/commons-collections-3.2.2.jar:/Users/reverse/.m2/repository/org/apache/commons/commons-collections4/4.4/commons-collections4-4.4.jar:/Users/reverse/.m2/repository/org/projectlombok/lombok/1.18.34/lombok-1.18.34.jar:/Users/reverse/.m2/repository/junit/junit/4.13.2/junit-4.13.2.jar:/Users/reverse/.m2/repository/org/hamcrest/hamcrest-core/1.3/hamcrest-core-1.3.jar:/Users/reverse/.m2/repository/org/junit/jupiter/junit-jupiter/5.11.0-RC1/junit-jupiter-5.11.0-RC1.jar:/Users/reverse/.m2/repository/org/junit/jupiter/junit-jupiter-api/5.11.0-RC1/junit-jupiter-api-5.11.0-RC1.jar:/Users/reverse/.m2/repository/org/opentest4j/opentest4j/1.3.0/opentest4j-1.3.0.jar:/Users/reverse/.m2/repository/org/junit/platform/junit-platform-commons/1.11.0-RC1/junit-platform-commons-1.11.0-RC1.jar:/Users/reverse/.m2/repository/org/apiguardian/apiguardian-api/1.1.2/apiguardian-api-1.1.2.jar:/Users/reverse/.m2/repository/org/junit/jupiter/junit-jupiter-params/5.11.0-RC1/junit-jupiter-params-5.11.0-RC1.jar:/Users/reverse/.m2/repository/org/junit/jupiter/junit-jupiter-engine/5.11.0-RC1/junit-jupiter-engine-5.11.0-RC1.jar:/Users/reverse/.m2/repository/org/junit/platform/junit-platform-engine/1.11.0-RC1/junit-platform-engine-1.11.0-RC1.jar:/Users/reverse/.m2/repository/com/github/stefanbirkner/system-rules/1.19.0/system-rules-1.19.0.jar:/Users/reverse/.m2/repository/org/slf4j/slf4j-api/2.0.15/slf4j-api-2.0.15.jar:/Users/reverse/.m2/repository/org/slf4j/slf4j-simple/2.0.15/slf4j-simple-2.0.15.jar:"/>
    <property name="java.vm.vendor" value="Oracle Corporation"/>
    <property name="sun.arch.data.model" value="64"/>
    <property name="java.vendor.url" value="https://java.oracle.com/"/>
    <property name="os.name" value="Mac OS X"/>
    <property name="java.vm.specification.version" value="21"/>
    <property name="sun.java.launcher" value="SUN_STANDARD"/>
    <property name="user.country" value="RU"/>
    <property name="sun.boot.library.path" value="/Users/reverse/Library/Java/JavaVirtualMachines/openjdk-21.0.1/Contents/Home/lib"/>
    <property name="sun.java.command" value="/Users/reverse/IdeaProjects/Task_NLMK/target/surefire/surefirebooter10519237176874159763.jar /Users/reverse/IdeaProjects/Task_NLMK/target/surefire 2024-08-11T11-49-07_366-jvmRun1 surefire1850502067081729561tmp surefire_013549202223234377355tmp"/>
    <property name="http.nonProxyHosts" value="local|*.local|169.254/16|*.169.254/16"/>
    <property name="jdk.debug" value="release"/>
    <property name="surefire.test.class.path" value="/Users/reverse/IdeaProjects/Task_NLMK/target/test-classes:/Users/reverse/IdeaProjects/Task_NLMK/target/classes:/Users/reverse/.m2/repository/com/fasterxml/jackson/dataformat/jackson-dataformat-csv/2.17.2/jackson-dataformat-csv-2.17.2.jar:/Users/reverse/.m2/repository/com/fasterxml/jackson/core/jackson-databind/2.17.2/jackson-databind-2.17.2.jar:/Users/reverse/.m2/repository/com/fasterxml/jackson/core/jackson-annotations/2.17.2/jackson-annotations-2.17.2.jar:/Users/reverse/.m2/repository/com/fasterxml/jackson/core/jackson-core/2.17.2/jackson-core-2.17.2.jar:/Users/reverse/.m2/repository/org/apache/maven/plugins/maven-assembly-plugin/3.6.0/maven-assembly-plugin-3.6.0.jar:/Users/reverse/.m2/repository/org/apache/maven/shared/maven-common-artifact-filters/3.3.2/maven-common-artifact-filters-3.3.2.jar:/Users/reverse/.m2/repository/org/codehaus/plexus/plexus-interpolation/1.26/plexus-interpolation-1.26.jar:/Users/reverse/.m2/repository/commons-io/commons-io/2.11.0/commons-io-2.11.0.jar:/Users/reverse/.m2/repository/org/apache/maven/shared/maven-filtering/3.3.1/maven-filtering-3.3.1.jar:/Users/reverse/.m2/repository/javax/inject/javax.inject/1/javax.inject-1.jar:/Users/reverse/.m2/repository/org/sonatype/plexus/plexus-build-api/0.0.7/plexus-build-api-0.0.7.jar:/Users/reverse/.m2/repository/org/codehaus/plexus/plexus-io/3.4.1/plexus-io-3.4.1.jar:/Users/reverse/.m2/repository/org/codehaus/plexus/plexus-archiver/4.7.1/plexus-archiver-4.7.1.jar:/Users/reverse/.m2/repository/org/apache/commons/commons-compress/1.23.0/commons-compress-1.23.0.jar:/Users/reverse/.m2/repository/org/iq80/snappy/snappy/0.4/snappy-0.4.jar:/Users/reverse/.m2/repository/org/tukaani/xz/1.9/xz-1.9.jar:/Users/reverse/.m2/repository/com/github/luben/zstd-jni/1.5.5-2/zstd-jni-1.5.5-2.jar:/Users/reverse/.m2/repository/org/apache/maven/maven-archiver/3.6.0/maven-archiver-3.6.0.jar:/Users/reverse/.m2/repository/org/codehaus/plexus/plexus-utils/3.5.1/plexus-utils-3.5.1.jar:/Users/reverse/.m2/repository/com/opencsv/opencsv/5.9/opencsv-5.9.jar:/Users/reverse/.m2/repository/org/apache/commons/commons-lang3/3.13.0/commons-lang3-3.13.0.jar:/Users/reverse/.m2/repository/org/apache/commons/commons-text/1.11.0/commons-text-1.11.0.jar:/Users/reverse/.m2/repository/commons-beanutils/commons-beanutils/1.9.4/commons-beanutils-1.9.4.jar:/Users/reverse/.m2/repository/commons-logging/commons-logging/1.2/commons-logging-1.2.jar:/Users/reverse/.m2/repository/commons-collections/commons-collections/3.2.2/commons-collections-3.2.2.jar:/Users/reverse/.m2/repository/org/apache/commons/commons-collections4/4.4/commons-collections4-4.4.jar:/Users/reverse/.m2/repository/org/projectlombok/lombok/1.18.34/lombok-1.18.34.jar:/Users/reverse/.m2/repository/junit/junit/4.13.2/junit-4.13.2.jar:/Users/reverse/.m2/repository/org/hamcrest/hamcrest-core/1.3/hamcrest-core-1.3.jar:/Users/reverse/.m2/repository/org/junit/jupiter/junit-jupiter/5.11.0-RC1/junit-jupiter-5.11.0-RC1.jar:/Users/reverse/.m2/repository/org/junit/jupiter/junit-jupiter-api/5.11.0-RC1/junit-jupiter-api-5.11.0-RC1.jar:/Users/reverse/.m2/repository/org/opentest4j/opentest4j/1.3.0/opentest4j-1.3.0.jar:/Users/reverse/.m2/repository/org/junit/platform/junit-platform-commons/1.11.0-RC1/junit-platform-commons-1.11.0-RC1.jar:/Users/reverse/.m2/repository/org/apiguardian/apiguardian-api/1.1.2/apiguardian-api-1.1.2.jar:/Users/reverse/.m2/repository/org/junit/jupiter/junit-jupiter-params/5.11.0-RC1/junit-jupiter-params-5.11.0-RC1.jar:/Users/reverse/.m2/repository/org/junit/jupiter/junit-jupiter-engine/5.11.0-RC1/junit-jupiter-engine-5.11.0-RC1.jar:/Users/reverse/.m2/repository/org/junit/platform/junit-platform-engine/1.11.0-RC1/junit-platform-engine-1.11.0-RC1.jar:/Users/reverse/.m2/repository/com/github/stefanbirkner/system-rules/1.19.0/system-rules-1.19.0.jar:/Users/reverse/.m2/repository/org/slf4j/slf4j-api/2.0.15/slf4j-api-2.0.15.jar:/Users/reverse/.m2/repository/org/slf4j/slf4j-simple/2.0.15/slf4j-simple-2.0.15.jar:"/>
    <property name="sun.cpu.endian" value="little"/>
    <property name="user.home" value="/Users/reverse"/>
    <property name="user.language" value="ru"/>
    <property name="java.specification.vendor" value="Oracle Corporation"/>
    <property name="java.version.date" value="2023-10-17"/>
    <property name="java.home" value="/Users/reverse/Library/Java/JavaVirtualMachines/openjdk-21.0.1/Contents/Home"/>
    <property name="file.separator" value="/"/>
    <property name="basedir" value="/Users/reverse/IdeaProjects/Task_NLMK"/>
    <property name="java.vm.compressedOopsMode" value="Zero based"/>
    <property name="line.separator" value="&#10;"/>
    <property name="java.vm.specification.vendor" value="Oracle Corporation"/>
    <property name="java.specification.name" value="Java Platform API Specification"/>
    <property name="apple.awt.application.name" value="ForkedBooter"/>
    <property name="surefire.real.class.path" value="/Users/reverse/IdeaProjects/Task_NLMK/target/surefire/surefirebooter10519237176874159763.jar"/>
    <property name="sun.management.compiler" value="HotSpot 64-Bit Tiered Compilers"/>
    <property name="ftp.nonProxyHosts" value="local|*.local|169.254/16|*.169.254/16"/>
    <property name="java.runtime.version" value="21.0.1+12-29"/>
    <property name="user.name" value="reverse"/>
    <property name="stdout.encoding" value="UTF-8"/>
    <property name="path.separator" value=":"/>
    <property name="os.version" value="14.5"/>
    <property name="java.runtime.name" value="OpenJDK Runtime Environment"/>
    <property name="file.encoding" value="UTF-8"/>
    <property name="java.vm.name" value="OpenJDK 64-Bit Server VM"/>
    <property name="localRepository" value="/Users/reverse/.m2/repository"/>
    <property name="java.vendor.url.bug" value="https://bugreport.java.com/bugreport/"/>
    <property name="java.io.tmpdir" value="/var/folders/t7/wpznp1z909b0fwv28hvccmw00000gn/T/"/>
    <property name="java.version" value="21.0.1"/>
    <property name="user.dir" value="/Users/reverse/IdeaProjects/Task_NLMK"/>
    <property name="os.arch" value="x86_64"/>
    <property name="java.vm.specification.name" value="Java Virtual Machine Specification"/>
    <property name="native.encoding" value="UTF-8"/>
    <property name="java.library.path" value="/Users/reverse/Library/Java/Extensions:/Library/Java/Extensions:/Network/Library/Java/Extensions:/System/Library/Java/Extensions:/usr/lib/java:."/>
    <property name="java.vm.info" value="mixed mode, sharing"/>
    <property name="stderr.encoding" value="UTF-8"/>
    <property name="java.vendor" value="Oracle Corporation"/>
    <property name="java.vm.version" value="21.0.1+12-29"/>
    <property name="sun.io.unicode.encoding" value="UnicodeBig"/>
    <property name="socksNonProxyHosts" value="local|*.local|169.254/16|*.169.254/16"/>
    <property name="java.class.version" value="65.0"/>
  </properties>
  <testcase name="testNoSuchFile" classname="TestTrendAssessment" time="0.048"/>
  <testcase name="testDataNotValid" classname="TestTrendAssessment" time="0.262"/>
</testsuite>